  main.cpp
C:\Users\KeremOkumus\source\repos\LasVegas\Button.h(14,24): warning C4244: "=": Konvertierung von "T" in "int", möglicher Datenverlust
          with
          [
              T=float
          ]
C:\Users\KeremOkumus\source\repos\LasVegas\Button.h(15,25): warning C4244: "=": Konvertierung von "T" in "int", möglicher Datenverlust
          with
          [
              T=float
          ]
C:\Users\KeremOkumus\source\repos\LasVegas\Button.h(40,14): warning C4244: "Initialisierung": Konvertierung von "double" in "float", möglicher Datenverlust
C:\Users\KeremOkumus\source\repos\LasVegas\Button.h(54,15): warning C4244: "Initialisierung": Konvertierung von "const T" in "int", möglicher Datenverlust
          with
          [
              T=float
          ]
C:\Users\KeremOkumus\source\repos\LasVegas\Button.h(55,15): warning C4244: "Initialisierung": Konvertierung von "const T" in "int", möglicher Datenverlust
          with
          [
              T=float
          ]
C:\Users\KeremOkumus\source\repos\LasVegas\Button.h(57,20): warning C4244: "Initialisierung": Konvertierung von "T" in "int", möglicher Datenverlust
          with
          [
              T=float
          ]
C:\Users\KeremOkumus\source\repos\LasVegas\Button.h(58,21): warning C4244: "Initialisierung": Konvertierung von "T" in "int", möglicher Datenverlust
          with
          [
              T=float
          ]
  LasVegas.vcxproj -> C:\Users\KeremOkumus\source\repos\LasVegas\x64\Debug\LasVegas.exe
