  main.cpp
C:\Users\KeremOkumus\source\repos\LasVegas\Button.h(14,24): warning C4244: "=": Konvertierung von "T" in "int", möglicher Datenverlust
          with
          [
              T=float
          ]
C:\Users\KeremOkumus\source\repos\LasVegas\Button.h(15,25): warning C4244: "=": Konvertierung von "T" in "int", möglicher Datenverlust
          with
          [
              T=float
          ]
C:\Users\KeremOkumus\source\repos\LasVegas\Button.h(40,14): warning C4244: "Initialisierung": Konvertierung von "double" in "float", möglicher Datenverlust
C:\Users\KeremOkumus\source\repos\LasVegas\Button.h(54,15): warning C4244: "Initialisierung": Konvertierung von "const T" in "int", möglicher Datenverlust
          with
          [
              T=float
          ]
C:\Users\KeremOkumus\source\repos\LasVegas\Button.h(55,15): warning C4244: "Initialisierung": Konvertierung von "const T" in "int", möglicher Datenverlust
          with
          [
              T=float
          ]
C:\Users\KeremOkumus\source\repos\LasVegas\Button.h(57,20): warning C4244: "Initialisierung": Konvertierung von "T" in "int", möglicher Datenverlust
          with
          [
              T=float
          ]
C:\Users\KeremOkumus\source\repos\LasVegas\Button.h(58,21): warning C4244: "Initialisierung": Konvertierung von "T" in "int", möglicher Datenverlust
          with
          [
              T=float
          ]
  Code wird generiert.
  2 of 82 functions ( 2.4%) were compiled, the rest were copied from previous compilation.
    0 functions were new in current compilation
    0 functions had inline decision re-evaluated but remain unchanged
  Codegenerierung ist abgeschlossen.
  LasVegas.vcxproj -> C:\Users\KeremOkumus\source\repos\LasVegas\x64\Release\LasVegas.exe
