  main.cpp
  The contents of <filesystem> are available only with C++17 or later.
C:\Users\Kerem Okumus\source\repos\Las-Vegas\Projekt für VS\Button.h(17,24): warning C4244: "=": Konvertierung von "T" in "int", möglicher Datenverlust
          with
          [
              T=float
          ]
C:\Users\Kerem Okumus\source\repos\Las-Vegas\Projekt für VS\Button.h(18,25): warning C4244: "=": Konvertierung von "T" in "int", möglicher Datenverlust
          with
          [
              T=float
          ]
C:\Users\Kerem Okumus\source\repos\Las-Vegas\Projekt für VS\Button.h(46,14): warning C4244: "Initialisierung": Konvertierung von "double" in "float", möglicher Datenverlust
C:\Users\Kerem Okumus\source\repos\Las-Vegas\Projekt für VS\Button.h(61,15): warning C4244: "Initialisierung": Konvertierung von "const T" in "int", möglicher Datenverlust
          with
          [
              T=float
          ]
C:\Users\Kerem Okumus\source\repos\Las-Vegas\Projekt für VS\Button.h(62,15): warning C4244: "Initialisierung": Konvertierung von "const T" in "int", möglicher Datenverlust
          with
          [
              T=float
          ]
C:\Users\Kerem Okumus\source\repos\Las-Vegas\Projekt für VS\Button.h(64,20): warning C4244: "Initialisierung": Konvertierung von "T" in "int", möglicher Datenverlust
          with
          [
              T=float
          ]
C:\Users\Kerem Okumus\source\repos\Las-Vegas\Projekt für VS\Button.h(65,21): warning C4244: "Initialisierung": Konvertierung von "T" in "int", möglicher Datenverlust
          with
          [
              T=float
          ]
C:\Users\Kerem Okumus\source\repos\Las-Vegas\Projekt für VS\Dice.h(28,1): warning C4305: "Argument": Verkürzung von "double" in "float"
C:\Users\Kerem Okumus\source\repos\Las-Vegas\Projekt für VS\main.cpp(84,15): warning C4101: "event": Unreferenzierte lokale Variable
C:\Users\Kerem Okumus\source\repos\Las-Vegas\Projekt für VS\main.cpp(352,38): warning C4305: "Argument": Verkürzung von "double" in "float"
C:\Users\Kerem Okumus\source\repos\Las-Vegas\Projekt für VS\main.cpp(568,42): warning C4305: "Argument": Verkürzung von "double" in "float"
C:\Users\Kerem Okumus\source\repos\Las-Vegas\Projekt für VS\main.cpp(578,43): warning C4305: "Argument": Verkürzung von "double" in "float"
C:\Users\Kerem Okumus\source\repos\Las-Vegas\Projekt für VS\main.cpp(588,43): warning C4305: "Argument": Verkürzung von "double" in "float"
C:\Users\Kerem Okumus\source\repos\Las-Vegas\Projekt für VS\main.cpp(598,43): warning C4305: "Argument": Verkürzung von "double" in "float"
C:\Users\Kerem Okumus\source\repos\Las-Vegas\Projekt für VS\main.cpp(608,43): warning C4305: "Argument": Verkürzung von "double" in "float"
C:\Users\Kerem Okumus\source\repos\Las-Vegas\Projekt für VS\main.cpp(618,43): warning C4305: "Argument": Verkürzung von "double" in "float"
C:\Users\Kerem Okumus\source\repos\Las-Vegas\Projekt für VS\main.cpp(628,43): warning C4305: "Argument": Verkürzung von "double" in "float"
C:\Users\Kerem Okumus\source\repos\Las-Vegas\Projekt für VS\main.cpp(638,43): warning C4305: "Argument": Verkürzung von "double" in "float"
C:\Users\Kerem Okumus\source\repos\Las-Vegas\Projekt für VS\main.cpp(774,38): warning C4305: "Argument": Verkürzung von "double" in "float"
C:\Users\Kerem Okumus\source\repos\Las-Vegas\Projekt für VS\main.cpp(802,39): warning C4305: "Argument": Verkürzung von "double" in "float"
C:\Users\Kerem Okumus\source\repos\Las-Vegas\Projekt für VS\main.cpp(830,39): warning C4305: "Argument": Verkürzung von "double" in "float"
C:\Users\Kerem Okumus\source\repos\Las-Vegas\Projekt für VS\main.cpp(858,39): warning C4305: "Argument": Verkürzung von "double" in "float"
C:\Users\Kerem Okumus\source\repos\Las-Vegas\Projekt für VS\main.cpp(886,39): warning C4305: "Argument": Verkürzung von "double" in "float"
C:\Users\Kerem Okumus\source\repos\Las-Vegas\Projekt für VS\main.cpp(914,39): warning C4305: "Argument": Verkürzung von "double" in "float"
C:\Users\Kerem Okumus\source\repos\Las-Vegas\Projekt für VS\main.cpp(942,39): warning C4305: "Argument": Verkürzung von "double" in "float"
C:\Users\Kerem Okumus\source\repos\Las-Vegas\Projekt für VS\main.cpp(970,39): warning C4305: "Argument": Verkürzung von "double" in "float"
C:\Users\Kerem Okumus\source\repos\Las-Vegas\Projekt für VS\main.cpp(1460,42): warning C4305: "Argument": Verkürzung von "double" in "float"
C:\Users\Kerem Okumus\source\repos\Las-Vegas\Projekt für VS\main.cpp(1488,43): warning C4305: "Argument": Verkürzung von "double" in "float"
C:\Users\Kerem Okumus\source\repos\Las-Vegas\Projekt für VS\main.cpp(1516,43): warning C4305: "Argument": Verkürzung von "double" in "float"
C:\Users\Kerem Okumus\source\repos\Las-Vegas\Projekt für VS\main.cpp(1544,43): warning C4305: "Argument": Verkürzung von "double" in "float"
C:\Users\Kerem Okumus\source\repos\Las-Vegas\Projekt für VS\main.cpp(1572,43): warning C4305: "Argument": Verkürzung von "double" in "float"
C:\Users\Kerem Okumus\source\repos\Las-Vegas\Projekt für VS\main.cpp(1600,43): warning C4305: "Argument": Verkürzung von "double" in "float"
C:\Users\Kerem Okumus\source\repos\Las-Vegas\Projekt für VS\main.cpp(1628,43): warning C4305: "Argument": Verkürzung von "double" in "float"
C:\Users\Kerem Okumus\source\repos\Las-Vegas\Projekt für VS\main.cpp(1656,43): warning C4305: "Argument": Verkürzung von "double" in "float"
C:\Users\Kerem Okumus\source\repos\Las-Vegas\Projekt für VS\main.cpp(2113,19): warning C4244: "Argument": Konvertierung von "time_t" in "unsigned int", möglicher Datenverlust
  Code wird generiert.
  1 of 217 functions ( 0.5%) were compiled, the rest were copied from previous compilation.
    0 functions were new in current compilation
    1 functions had inline decision re-evaluated but remain unchanged
  Codegenerierung ist abgeschlossen.
  LasVegas.vcxproj -> C:\Users\Kerem Okumus\source\repos\Las-Vegas\Projekt für VS\x64\Release\LasVegas.exe
